[ 2019-04-15T09:51:32+08:00 ] 127.0.0.1 /index.php/Home/Device/envList.html
INFO: [ app_init ] --START--
INFO: Run Behavior\BuildLiteBehavior [ RunTime:0.000000s ]
INFO: [ app_init ] --END-- [ RunTime:0.037002s ]
INFO: [ app_begin ] --START--
INFO: Run Behavior\ReadHtmlCacheBehavior [ RunTime:0.001000s ]
INFO: [ app_begin ] --END-- [ RunTime:0.002000s ]
SQL: SHOW COLUMNS FROM `iot_user` [ RunTime:0.0390s ]
SQL: SELECT `uname`,`user_id` FROM `iot_user` WHERE `user_id` = 39 LIMIT 1   [ RunTime:0.0000s ]
SQL: SHOW COLUMNS FROM `iot_web_info` [ RunTime:0.0090s ]
SQL: SELECT * FROM `iot_web_info`  [ RunTime:0.0000s ]
SQL: SHOW COLUMNS FROM `iot_device` [ RunTime:0.0080s ]
SQL: SELECT * FROM `iot_device` WHERE `device_id` = 0 AND `is_delete` = 0 LIMIT 1   [ RunTime:0.0110s ]
SQL: SELECT * FROM `iot_web_info` WHERE ( info_type=0 )  [ RunTime:0.0000s ]
SQL: SHOW COLUMNS FROM `iot_pest_data` [ RunTime:0.0100s ]
SQL: SHOW COLUMNS FROM `iot_env` [ RunTime:0.0100s ]
SQL: SHOW COLUMNS FROM `iot_command` [ RunTime:0.0070s ]
SQL: SHOW COLUMNS FROM `iot_device_command` [ RunTime:0.0050s ]
SQL: SELECT * FROM `iot_device` WHERE `device_id` = 40 LIMIT 1   [ RunTime:0.0010s ]
SQL: SELECT * FROM `iot_user` WHERE `user_id` = 39 LIMIT 1   [ RunTime:0.0010s ]
SQL: SHOW COLUMNS FROM `iot_soil_temp` [ RunTime:0.0070s ]
NOTIC: [8] Use of undefined constant column - assumed 'column' E:\WorkSpace\haier\Application\Home\Controller\DeviceController.class.php 第 927 行.
NOTIC: [8] Use of undefined constant dir - assumed 'dir' E:\WorkSpace\haier\Application\Home\Controller\DeviceController.class.php 第 928 行.
NOTIC: [8] Use of undefined constant data - assumed 'data' E:\WorkSpace\haier\Application\Home\Controller\DeviceController.class.php 第 929 行.
SQL: SELECT * FROM `iot_env` WHERE `device_code` = 121 ORDER BY unix_createdate desc LIMIT 1   [ RunTime:0.1100s ]
SQL: SELECT * FROM `iot_soil_temp` WHERE `device_code` = 121 ORDER BY unix_addtime desc LIMIT 1   [ RunTime:0.0630s ]
SQL: SELECT * FROM `iot_soil_temp` WHERE `device_code` = 121 ORDER BY unix_addtime desc LIMIT 0,10   [ RunTime:0.0140s ]
SQL: SELECT * FROM `iot_env` WHERE ( `unix_createdate` > '1548745262' AND `unix_createdate` < 1548745562  ) AND `device_code` = 121 LIMIT 1   [ RunTime:0.2690s ]
SQL: SELECT * FROM `iot_env` WHERE ( `unix_createdate` > '1548744959' AND `unix_createdate` < 1548745259  ) AND `device_code` = 121 LIMIT 1   [ RunTime:0.2550s ]
SQL: SELECT * FROM `iot_env` WHERE ( `unix_createdate` > '1548744656' AND `unix_createdate` < 1548744956  ) AND `device_code` = 121 LIMIT 1   [ RunTime:0.2630s ]
SQL: SELECT * FROM `iot_env` WHERE ( `unix_createdate` > '1548744354' AND `unix_createdate` < 1548744654  ) AND `device_code` = 121 LIMIT 1   [ RunTime:0.3010s ]
SQL: SELECT * FROM `iot_env` WHERE ( `unix_createdate` > '1548744051' AND `unix_createdate` < 1548744351  ) AND `device_code` = 121 LIMIT 1   [ RunTime:0.4050s ]
SQL: SELECT * FROM `iot_env` WHERE ( `unix_createdate` > '1548743748' AND `unix_createdate` < 1548744048  ) AND `device_code` = 121 LIMIT 1   [ RunTime:0.2920s ]
SQL: SELECT * FROM `iot_env` WHERE ( `unix_createdate` > '1548743446' AND `unix_createdate` < 1548743746  ) AND `device_code` = 121 LIMIT 1   [ RunTime:0.2910s ]
SQL: SELECT * FROM `iot_env` WHERE ( `unix_createdate` > '1548743143' AND `unix_createdate` < 1548743443  ) AND `device_code` = 121 LIMIT 1   [ RunTime:0.2840s ]
SQL: SELECT * FROM `iot_env` WHERE ( `unix_createdate` > '1548742840' AND `unix_createdate` < 1548743140  ) AND `device_code` = 121 LIMIT 1   [ RunTime:0.2650s ]
SQL: SELECT * FROM `iot_env` WHERE ( `unix_createdate` > '1548742537' AND `unix_createdate` < 1548742837  ) AND `device_code` = 121 LIMIT 1   [ RunTime:0.3150s ]
SQL: SELECT COUNT(*) AS tp_count FROM `iot_env` WHERE `device_code` = 121 LIMIT 1   [ RunTime:0.0910s ]
SQL: SELECT COUNT(*) AS tp_count FROM `iot_env` WHERE `device_code` = 121 LIMIT 1   [ RunTime:0.1150s ]

[ 2019-04-15T09:51:33+08:00 ] 127.0.0.1 /index.php/Home/Device/envCharts.html
INFO: [ app_init ] --START--
INFO: Run Behavior\BuildLiteBehavior [ RunTime:0.000000s ]
INFO: [ app_init ] --END-- [ RunTime:0.004000s ]
INFO: [ app_begin ] --START--
INFO: Run Behavior\ReadHtmlCacheBehavior [ RunTime:0.001000s ]
INFO: [ app_begin ] --END-- [ RunTime:0.002001s ]
SQL: SHOW COLUMNS FROM `iot_user` [ RunTime:0.0110s ]
SQL: SELECT `uname`,`user_id` FROM `iot_user` WHERE `user_id` = 39 LIMIT 1   [ RunTime:0.0000s ]
SQL: SHOW COLUMNS FROM `iot_web_info` [ RunTime:0.0140s ]
SQL: SELECT * FROM `iot_web_info`  [ RunTime:0.0000s ]
SQL: SHOW COLUMNS FROM `iot_device` [ RunTime:0.0110s ]
SQL: SELECT * FROM `iot_device` WHERE `device_id` = 0 AND `is_delete` = 0 LIMIT 1   [ RunTime:0.0000s ]
SQL: SELECT * FROM `iot_web_info` WHERE ( info_type=0 )  [ RunTime:0.0000s ]
SQL: SHOW COLUMNS FROM `iot_pest_data` [ RunTime:0.0090s ]
SQL: SHOW COLUMNS FROM `iot_env` [ RunTime:0.0140s ]
SQL: SHOW COLUMNS FROM `iot_command` [ RunTime:0.0180s ]
SQL: SHOW COLUMNS FROM `iot_device_command` [ RunTime:0.0130s ]
SQL: SELECT * FROM `iot_device` WHERE `device_id` = 40 LIMIT 1   [ RunTime:0.0000s ]
SQL: SELECT * FROM `iot_user` WHERE `user_id` = 39 LIMIT 1   [ RunTime:0.0000s ]
SQL: SELECT `unix_createdate` FROM `iot_env` WHERE `device_code` = 121 AND ( (`temp` <> '') AND (`humidity` <> '') AND (`beam` <> '') AND (`wind_direction` <> '') AND (`wind_speed` <> '') ) ORDER BY unix_createdate desc LIMIT 1   [ RunTime:0.1920s ]
SQL: SELECT `env_id`,`device_code`,`unix_addtime`,`addtime`,`temp`,`humidity`,`beam`,`wind_direction`,`wind_speed`,`precipitation`,`current`,`voltage`,`soil_hum`,`soil_temp`,`unix_starttime`,`unix_endtime`,`unix_createdate`,`flag_hours`,`flag_day`,`flag_week`,`flag_month`,`flag_year` FROM `iot_env` WHERE `device_code` = 121 AND ( (`temp` <> '') AND (`humidity` <> '') AND (`beam` <> '') AND (`wind_direction` <> '') AND (`wind_speed` <> '') ) AND ( `unix_createdate` > 1543852800 AND `unix_createdate` < 1543939199  ) ORDER BY unix_createdate  [ RunTime:0.2300s ]
NOTIC: [8] Undefined variable: firstTime E:\WorkSpace\haier\Application\Home\Controller\DeviceController.class.php 第 1085 行.
NOTIC: [8] Undefined variable: lastTime E:\WorkSpace\haier\Application\Home\Controller\DeviceController.class.php 第 1085 行.

[ 2019-04-15T09:51:43+08:00 ] 127.0.0.1 /index.php/Home/Device/envList.html
INFO: [ app_init ] --START--
INFO: Run Behavior\BuildLiteBehavior [ RunTime:0.000000s ]
INFO: [ app_init ] --END-- [ RunTime:0.002000s ]
INFO: [ app_begin ] --START--
INFO: Run Behavior\ReadHtmlCacheBehavior [ RunTime:0.001000s ]
INFO: [ app_begin ] --END-- [ RunTime:0.002000s ]
SQL: SHOW COLUMNS FROM `iot_user` [ RunTime:0.0120s ]
SQL: SELECT `uname`,`user_id` FROM `iot_user` WHERE `user_id` = 39 LIMIT 1   [ RunTime:0.0010s ]
SQL: SHOW COLUMNS FROM `iot_web_info` [ RunTime:0.0140s ]
SQL: SELECT * FROM `iot_web_info`  [ RunTime:0.0010s ]
SQL: SHOW COLUMNS FROM `iot_device` [ RunTime:0.0140s ]
SQL: SELECT * FROM `iot_device` WHERE `device_id` = 0 AND `is_delete` = 0 LIMIT 1   [ RunTime:0.0000s ]
SQL: SELECT * FROM `iot_web_info` WHERE ( info_type=0 )  [ RunTime:0.0000s ]
SQL: SHOW COLUMNS FROM `iot_pest_data` [ RunTime:0.0130s ]
SQL: SHOW COLUMNS FROM `iot_env` [ RunTime:0.0130s ]
SQL: SHOW COLUMNS FROM `iot_command` [ RunTime:0.0150s ]
SQL: SHOW COLUMNS FROM `iot_device_command` [ RunTime:0.0140s ]
SQL: SELECT * FROM `iot_device` WHERE `device_id` = 40 LIMIT 1   [ RunTime:0.0120s ]
SQL: SELECT * FROM `iot_user` WHERE `user_id` = 39 LIMIT 1   [ RunTime:0.0020s ]
SQL: SHOW COLUMNS FROM `iot_soil_temp` [ RunTime:0.0190s ]
NOTIC: [8] Use of undefined constant column - assumed 'column' E:\WorkSpace\haier\Application\Home\Controller\DeviceController.class.php 第 927 行.
NOTIC: [8] Use of undefined constant dir - assumed 'dir' E:\WorkSpace\haier\Application\Home\Controller\DeviceController.class.php 第 928 行.
NOTIC: [8] Use of undefined constant data - assumed 'data' E:\WorkSpace\haier\Application\Home\Controller\DeviceController.class.php 第 929 行.
SQL: SELECT * FROM `iot_env` WHERE `device_code` = 121 ORDER BY unix_createdate desc LIMIT 1   [ RunTime:0.1240s ]
SQL: SELECT * FROM `iot_soil_temp` WHERE `device_code` = 121 ORDER BY unix_addtime desc LIMIT 1   [ RunTime:0.0200s ]
SQL: SELECT * FROM `iot_soil_temp` WHERE `device_code` = 121 ORDER BY unix_addtime desc LIMIT 10,10   [ RunTime:0.0190s ]
SQL: SELECT * FROM `iot_env` WHERE ( `unix_createdate` > '1548742235' AND `unix_createdate` < 1548742535  ) AND `device_code` = 121 LIMIT 1   [ RunTime:0.3020s ]
SQL: SELECT * FROM `iot_env` WHERE ( `unix_createdate` > '1548741932' AND `unix_createdate` < 1548742232  ) AND `device_code` = 121 LIMIT 1   [ RunTime:0.2380s ]
SQL: SELECT * FROM `iot_env` WHERE ( `unix_createdate` > '1548741629' AND `unix_createdate` < 1548741929  ) AND `device_code` = 121 LIMIT 1   [ RunTime:0.2420s ]
SQL: SELECT * FROM `iot_env` WHERE ( `unix_createdate` > '1548741327' AND `unix_createdate` < 1548741627  ) AND `device_code` = 121 LIMIT 1   [ RunTime:0.2350s ]
SQL: SELECT * FROM `iot_env` WHERE ( `unix_createdate` > '1548741024' AND `unix_createdate` < 1548741324  ) AND `device_code` = 121 LIMIT 1   [ RunTime:0.2580s ]
SQL: SELECT * FROM `iot_env` WHERE ( `unix_createdate` > '1548740721' AND `unix_createdate` < 1548741021  ) AND `device_code` = 121 LIMIT 1   [ RunTime:0.3040s ]
SQL: SELECT * FROM `iot_env` WHERE ( `unix_createdate` > '1548740419' AND `unix_createdate` < 1548740719  ) AND `device_code` = 121 LIMIT 1   [ RunTime:0.3000s ]
SQL: SELECT * FROM `iot_env` WHERE ( `unix_createdate` > '1548740116' AND `unix_createdate` < 1548740416  ) AND `device_code` = 121 LIMIT 1   [ RunTime:0.2870s ]
SQL: SELECT * FROM `iot_env` WHERE ( `unix_createdate` > '1548739813' AND `unix_createdate` < 1548740113  ) AND `device_code` = 121 LIMIT 1   [ RunTime:0.2650s ]
SQL: SELECT * FROM `iot_env` WHERE ( `unix_createdate` > '1548739510' AND `unix_createdate` < 1548739810  ) AND `device_code` = 121 LIMIT 1   [ RunTime:0.2740s ]
SQL: SELECT COUNT(*) AS tp_count FROM `iot_env` WHERE `device_code` = 121 LIMIT 1   [ RunTime:0.0670s ]
SQL: SELECT COUNT(*) AS tp_count FROM `iot_env` WHERE `device_code` = 121 LIMIT 1   [ RunTime:0.0630s ]

[ 2019-04-15T09:51:48+08:00 ] 127.0.0.1 /index.php/Home/Device/envList.html
INFO: [ app_init ] --START--
INFO: Run Behavior\BuildLiteBehavior [ RunTime:0.000000s ]
INFO: [ app_init ] --END-- [ RunTime:0.011000s ]
INFO: [ app_begin ] --START--
INFO: Run Behavior\ReadHtmlCacheBehavior [ RunTime:0.008000s ]
INFO: [ app_begin ] --END-- [ RunTime:0.010000s ]
SQL: SHOW COLUMNS FROM `iot_user` [ RunTime:0.0150s ]
SQL: SELECT `uname`,`user_id` FROM `iot_user` WHERE `user_id` = 39 LIMIT 1   [ RunTime:0.0010s ]
SQL: SHOW COLUMNS FROM `iot_web_info` [ RunTime:0.0120s ]
SQL: SELECT * FROM `iot_web_info`  [ RunTime:0.0010s ]
SQL: SHOW COLUMNS FROM `iot_device` [ RunTime:0.0120s ]
SQL: SELECT * FROM `iot_device` WHERE `device_id` = 0 AND `is_delete` = 0 LIMIT 1   [ RunTime:0.0010s ]
SQL: SELECT * FROM `iot_web_info` WHERE ( info_type=0 )  [ RunTime:0.0010s ]
SQL: SHOW COLUMNS FROM `iot_pest_data` [ RunTime:0.0110s ]
SQL: SHOW COLUMNS FROM `iot_env` [ RunTime:0.0120s ]
SQL: SHOW COLUMNS FROM `iot_command` [ RunTime:0.0100s ]
SQL: SHOW COLUMNS FROM `iot_device_command` [ RunTime:0.0100s ]
SQL: SELECT * FROM `iot_device` WHERE `device_id` = 40 LIMIT 1   [ RunTime:0.0000s ]
SQL: SELECT * FROM `iot_user` WHERE `user_id` = 39 LIMIT 1   [ RunTime:0.0000s ]
SQL: SHOW COLUMNS FROM `iot_soil_temp` [ RunTime:0.0280s ]
NOTIC: [8] Use of undefined constant column - assumed 'column' E:\WorkSpace\haier\Application\Home\Controller\DeviceController.class.php 第 927 行.
NOTIC: [8] Use of undefined constant dir - assumed 'dir' E:\WorkSpace\haier\Application\Home\Controller\DeviceController.class.php 第 928 行.
NOTIC: [8] Use of undefined constant data - assumed 'data' E:\WorkSpace\haier\Application\Home\Controller\DeviceController.class.php 第 929 行.
SQL: SELECT * FROM `iot_env` WHERE `device_code` = 121 ORDER BY unix_createdate desc LIMIT 1   [ RunTime:0.1130s ]
SQL: SELECT * FROM `iot_soil_temp` WHERE `device_code` = 121 ORDER BY unix_addtime desc LIMIT 1   [ RunTime:0.0160s ]
SQL: SELECT * FROM `iot_soil_temp` WHERE `device_code` = 121 ORDER BY unix_addtime desc LIMIT 0,10   [ RunTime:0.0290s ]
SQL: SELECT * FROM `iot_env` WHERE ( `unix_createdate` > '1548745262' AND `unix_createdate` < 1548745562  ) AND `device_code` = 121 LIMIT 1   [ RunTime:0.2890s ]
SQL: SELECT * FROM `iot_env` WHERE ( `unix_createdate` > '1548744959' AND `unix_createdate` < 1548745259  ) AND `device_code` = 121 LIMIT 1   [ RunTime:0.2610s ]
SQL: SELECT * FROM `iot_env` WHERE ( `unix_createdate` > '1548744656' AND `unix_createdate` < 1548744956  ) AND `device_code` = 121 LIMIT 1   [ RunTime:0.2860s ]
SQL: SELECT * FROM `iot_env` WHERE ( `unix_createdate` > '1548744354' AND `unix_createdate` < 1548744654  ) AND `device_code` = 121 LIMIT 1   [ RunTime:0.2420s ]
SQL: SELECT * FROM `iot_env` WHERE ( `unix_createdate` > '1548744051' AND `unix_createdate` < 1548744351  ) AND `device_code` = 121 LIMIT 1   [ RunTime:0.2470s ]
SQL: SELECT * FROM `iot_env` WHERE ( `unix_createdate` > '1548743748' AND `unix_createdate` < 1548744048  ) AND `device_code` = 121 LIMIT 1   [ RunTime:0.2510s ]
SQL: SELECT * FROM `iot_env` WHERE ( `unix_createdate` > '1548743446' AND `unix_createdate` < 1548743746  ) AND `device_code` = 121 LIMIT 1   [ RunTime:0.2570s ]
SQL: SELECT * FROM `iot_env` WHERE ( `unix_createdate` > '1548743143' AND `unix_createdate` < 1548743443  ) AND `device_code` = 121 LIMIT 1   [ RunTime:0.3040s ]
SQL: SELECT * FROM `iot_env` WHERE ( `unix_createdate` > '1548742840' AND `unix_createdate` < 1548743140  ) AND `device_code` = 121 LIMIT 1   [ RunTime:0.3250s ]
SQL: SELECT * FROM `iot_env` WHERE ( `unix_createdate` > '1548742537' AND `unix_createdate` < 1548742837  ) AND `device_code` = 121 LIMIT 1   [ RunTime:0.2970s ]
SQL: SELECT COUNT(*) AS tp_count FROM `iot_env` WHERE `device_code` = 121 LIMIT 1   [ RunTime:0.1030s ]
SQL: SELECT COUNT(*) AS tp_count FROM `iot_env` WHERE `device_code` = 121 LIMIT 1   [ RunTime:0.0630s ]

